0 verbose cli /usr/local/bin/node /usr/local/bin/npm
1 info using npm@11.11.0
2 info using node@v24.14.1
3 silly config load:file:/usr/local/lib/node_modules/npm/npmrc
4 silly config load:file:/Users/akulasaivineeth/Documents/Kinetic/.npmrc
5 silly config load:file:/Users/akulasaivineeth/.npmrc
6 silly config load:file:/usr/local/etc/npmrc
7 verbose title npm install
8 verbose argv "install"
9 verbose logfile logs-max:10 dir:/Users/akulasaivineeth/Documents/Kinetic/.npm-cache/_logs/2026-04-05T01_20_49_651Z-
10 verbose logfile /Users/akulasaivineeth/Documents/Kinetic/.npm-cache/_logs/2026-04-05T01_20_49_651Z-debug-0.log
11 silly logfile done cleaning log files
12 silly packumentCache heap:2348810240 maxSize:587202560 maxEntrySize:293601280
13 verbose shrinkwrap failed to load node_modules/.package-lock.json out of date, updated: node_modules
14 silly idealTree buildDeps
15 silly reify moves {}
16 silly audit bulk request {
16 silly audit   '@alloc/quick-lru': [ '5.2.0' ],
16 silly audit   '@babel/code-frame': [ '7.29.0' ],
16 silly audit   '@babel/helper-validator-identifier': [ '7.28.5' ],
16 silly audit   '@babel/compat-data': [ '7.29.0' ],
16 silly audit   '@babel/core': [ '7.29.0' ],
16 silly audit   semver: [ '6.3.1', '7.7.4' ],
16 silly audit   '@babel/generator': [ '7.29.1' ],
16 silly audit   '@jridgewell/gen-mapping': [ '0.3.13' ],
16 silly audit   '@jridgewell/resolve-uri': [ '3.1.2' ],
16 silly audit   '@jridgewell/sourcemap-codec': [ '1.5.5' ],
16 silly audit   '@jridgewell/trace-mapping': [ '0.3.31' ],
16 silly audit   '@babel/helper-compilation-targets': [ '7.28.6' ],
16 silly audit   '@babel/helper-validator-option': [ '7.27.1' ],
16 silly audit   '@babel/helper-define-polyfill-provider': [ '0.6.8' ],
16 silly audit   resolve: [ '1.22.11', '2.0.0-next.6' ],
16 silly audit   '@babel/helper-module-transforms': [ '7.28.6' ],
16 silly audit   '@babel/helper-module-imports': [ '7.28.6' ],
16 silly audit   '@babel/helper-plugin-utils': [ '7.28.6' ],
16 silly audit   '@babel/helpers': [ '7.29.2' ],
16 silly audit   '@babel/parser': [ '7.29.2' ],
16 silly audit   '@babel/runtime': [ '7.29.2' ],
16 silly audit   '@babel/template': [ '7.28.6' ],
16 silly audit   '@babel/traverse': [ '7.29.0' ],
16 silly audit   '@babel/helper-globals': [ '7.28.0' ],
16 silly audit   '@babel/types': [ '7.29.0' ],
16 silly audit   '@babel/helper-string-parser': [ '7.27.1' ],
16 silly audit   '@date-fns/tz': [ '1.4.1' ],
16 silly audit   '@floating-ui/core': [ '1.7.5' ],
16 silly audit   '@floating-ui/dom': [ '1.7.6' ],
16 silly audit   '@floating-ui/react-dom': [ '2.1.8' ],
16 silly audit   '@floating-ui/utils': [ '0.2.11' ],
16 silly audit   '@jridgewell/remapping': [ '2.3.5' ],
16 silly audit   '@nodelib/fs.scandir': [ '2.1.5' ],
16 silly audit   '@nodelib/fs.stat': [ '2.0.5' ],
16 silly audit   '@nodelib/fs.walk': [ '1.2.8' ],
16 silly audit   '@radix-ui/primitive': [ '1.1.3' ],
16 silly audit   '@radix-ui/react-arrow': [ '1.1.7' ],
16 silly audit   '@radix-ui/react-compose-refs': [ '1.1.2' ],
16 silly audit   '@radix-ui/react-context': [ '1.1.2' ],
16 silly audit   '@radix-ui/react-dismissable-layer': [ '1.1.11' ],
16 silly audit   '@radix-ui/react-focus-guards': [ '1.1.3' ],
16 silly audit   '@radix-ui/react-focus-scope': [ '1.1.7' ],
16 silly audit   '@radix-ui/react-id': [ '1.1.1' ],
16 silly audit   '@radix-ui/react-popover': [ '1.1.15' ],
16 silly audit   '@radix-ui/react-popper': [ '1.2.8' ],
16 silly audit   '@radix-ui/react-portal': [ '1.1.9' ],
16 silly audit   '@radix-ui/react-presence': [ '1.1.5' ],
16 silly audit   '@radix-ui/react-primitive': [ '2.1.3' ],
16 silly audit   '@radix-ui/react-slot': [ '1.2.3' ],
16 silly audit   '@radix-ui/react-use-callback-ref': [ '1.1.1' ],
16 silly audit   '@radix-ui/react-use-controllable-state': [ '1.2.2' ],
16 silly audit   '@radix-ui/react-use-effect-event': [ '0.0.2' ],
16 silly audit   '@radix-ui/react-use-escape-keydown': [ '1.1.1' ],
16 silly audit   '@radix-ui/react-use-layout-effect': [ '1.1.1' ],
16 silly audit   '@radix-ui/react-use-rect': [ '1.1.1' ],
16 silly audit   '@radix-ui/react-use-size': [ '1.1.1' ],
16 silly audit   '@radix-ui/rect': [ '1.1.1' ],
16 silly audit   '@supabase/ssr': [ '0.5.2' ],
16 silly audit   '@supabase/supabase-js': [ '2.101.1' ],
16 silly audit   '@supabase/auth-js': [ '2.101.1' ],
16 silly audit   '@supabase/functions-js': [ '2.101.1' ],
16 silly audit   '@supabase/phoenix': [ '0.4.0' ],
16 silly audit   '@supabase/postgrest-js': [ '2.101.1' ],
16 silly audit   '@supabase/realtime-js': [ '2.101.1' ],
16 silly audit   '@supabase/storage-js': [ '2.101.1' ],
16 silly audit   '@types/ws': [ '8.18.1' ],
16 silly audit   ws: [ '8.20.0' ],
16 silly audit   '@tabby_ai/hijri-converter': [ '1.0.5' ],
16 silly audit   '@tanstack/query-core': [ '5.96.2' ],
16 silly audit   '@tanstack/react-query': [ '5.96.2' ],
16 silly audit   '@types/cookie': [ '0.6.0' ],
16 silly audit   '@types/d3-color': [ '3.1.3' ],
16 silly audit   '@types/d3-path': [ '3.1.1' ],
16 silly audit   '@types/eslint': [ '9.6.1' ],
16 silly audit   '@types/eslint-scope': [ '3.7.7' ],
16 silly audit   '@types/estree': [ '1.0.8', '0.0.39' ],
16 silly audit   '@types/json-schema': [ '7.0.15' ],
16 silly audit   '@types/minimatch': [ '5.1.2' ],
16 silly audit   '@types/node': [ '22.19.17' ],
16 silly audit   '@types/react': [ '19.2.14' ],
16 silly audit   '@types/react-dom': [ '19.2.3' ],
16 silly audit   '@types/web-push': [ '3.6.4' ],
16 silly audit   '@webassemblyjs/ast': [ '1.14.1' ],
16 silly audit   '@webassemblyjs/floating-point-hex-parser': [ '1.13.2' ],
16 silly audit   '@webassemblyjs/helper-api-error': [ '1.13.2' ],
16 silly audit   '@webassemblyjs/helper-buffer': [ '1.14.1' ],
16 silly audit   '@webassemblyjs/helper-numbers': [ '1.13.2' ],
16 silly audit   '@webassemblyjs/helper-wasm-bytecode': [ '1.13.2' ],
16 silly audit   '@webassemblyjs/helper-wasm-section': [ '1.14.1' ],
16 silly audit   '@webassemblyjs/ieee754': [ '1.13.2' ],
16 silly audit   '@webassemblyjs/leb128': [ '1.13.2' ],
16 silly audit   '@webassemblyjs/utf8': [ '1.13.2' ],
16 silly audit   '@webassemblyjs/wasm-edit': [ '1.14.1' ],
16 silly audit   '@webassemblyjs/wasm-gen': [ '1.14.1' ],
16 silly audit   '@webassemblyjs/wasm-opt': [ '1.14.1' ],
16 silly audit   '@webassemblyjs/wasm-parser': [ '1.14.1' ],
16 silly audit   '@webassemblyjs/wast-printer': [ '1.14.1' ],
16 silly audit   '@xtuc/ieee754': [ '1.2.0' ],
16 silly audit   '@xtuc/long': [ '4.2.2' ],
16 silly audit   acorn: [ '8.16.0' ],
16 silly audit   'acorn-import-phases': [ '1.0.4' ],
16 silly audit   'acorn-jsx': [ '5.3.2' ],
16 silly audit   'agent-base': [ '7.1.4' ],
16 silly audit   ajv: [ '6.14.0', '8.18.0' ],
16 silly audit   'ajv-formats': [ '2.1.1' ],
16 silly audit   'json-schema-traverse': [ '1.0.0', '0.4.1' ],
16 silly audit   'ajv-keywords': [ '3.5.2', '5.1.0' ],
16 silly audit   punycode: [ '2.3.1' ],
16 silly audit   'uri-js': [ '4.4.1' ],
16 silly audit   'ansi-styles': [ '4.3.0' ],
16 silly audit   'any-promise': [ '1.3.0' ],
16 silly audit   anymatch: [ '3.1.3' ],
16 silly audit   arg: [ '5.0.2' ],
16 silly audit   argparse: [ '2.0.1' ],
16 silly audit   'aria-hidden': [ '1.2.6' ],
16 silly audit   'aria-query': [ '5.3.2' ],
16 silly audit   'array-buffer-byte-length': [ '1.0.2' ],
16 silly audit   'array-includes': [ '3.1.9' ],
16 silly audit   'array-union': [ '2.1.0', '1.0.2' ],
16 silly audit   'array-uniq': [ '1.0.3' ],
16 silly audit   'array.prototype.findlast': [ '1.2.5' ],
16 silly audit   'array.prototype.findlastindex': [ '1.2.6' ],
16 silly audit   'array.prototype.flat': [ '1.3.3' ],
16 silly audit   'array.prototype.flatmap': [ '1.3.3' ],
16 silly audit   'array.prototype.tosorted': [ '1.1.4' ],
16 silly audit   'arraybuffer.prototype.slice': [ '1.0.4' ],
16 silly audit   'asn1.js': [ '5.4.1' ],
16 silly audit   'ast-types-flow': [ '0.0.8' ],
16 silly audit   async: [ '3.2.6' ],
16 silly audit   'async-function': [ '1.0.0' ],
16 silly audit   'at-least-node': [ '1.0.0' ],
16 silly audit   autoprefixer: [ '10.4.27' ],
16 silly audit   'postcss-value-parser': [ '4.2.0' ],
16 silly audit   'available-typed-arrays': [ '1.0.7' ],
16 silly audit   'axe-core': [ '4.11.2' ],
16 silly audit   'axobject-query': [ '4.1.0' ],
16 silly audit   'babel-loader': [ '8.4.1' ],
16 silly audit   'schema-utils': [ '2.7.1', '4.3.3' ],
16 silly audit   'babel-plugin-polyfill-corejs2': [ '0.4.17' ],
16 silly audit   'babel-plugin-polyfill-corejs3': [ '0.14.2' ],
16 silly audit   'babel-plugin-polyfill-regenerator': [ '0.6.8' ],
16 silly audit   'balanced-match': [ '1.0.2', '4.0.4' ],
16 silly audit   'baseline-browser-mapping': [ '2.10.14' ],
16 silly audit   'big.js': [ '5.2.2' ],
16 silly audit   'bin-links': [ '5.0.0' ],
16 silly audit   'binary-extensions': [ '2.3.0' ],
16 silly audit   'bn.js': [ '4.12.3' ],
16 silly audit   'brace-expansion': [ '1.1.13', '5.0.5', '2.0.3' ],
16 silly audit   braces: [ '3.0.3' ],
16 silly audit   browserslist: [ '4.28.2' ],
16 silly audit   'update-browserslist-db': [ '1.2.3' ],
16 silly audit   'buffer-equal-constant-time': [ '1.0.1' ],
16 silly audit   'buffer-from': [ '1.1.2' ],
16 silly audit   'builtin-modules': [ '3.3.0' ],
16 silly audit   'call-bind': [ '1.0.8' ],
16 silly audit   'call-bind-apply-helpers': [ '1.0.2' ],
16 silly audit   'set-function-length': [ '1.2.2' ],
16 silly audit   'call-bound': [ '1.0.4' ],
16 silly audit   callsites: [ '3.1.0' ],
16 silly audit   'camelcase-css': [ '2.0.1' ],
16 silly audit   'caniuse-lite': [ '1.0.30001784' ],
16 silly audit   chalk: [ '4.1.2' ],
16 silly audit   'supports-color': [ '7.2.0', '8.1.1' ],
16 silly audit   chokidar: [ '3.6.0' ],
16 silly audit   fsevents: [ '2.3.3' ],
16 silly audit   'glob-parent': [ '5.1.2', '6.0.2' ],
16 silly audit   chownr: [ '3.0.0' ],
16 silly audit   'chrome-trace-event': [ '1.0.4' ],
16 silly audit   'clean-webpack-plugin': [ '4.0.0' ],
16 silly audit   'client-only': [ '0.0.1' ],
16 silly audit   clsx: [ '2.1.1' ],
16 silly audit   'cmd-shim': [ '7.0.0' ],
16 silly audit   'color-convert': [ '2.0.1' ],
16 silly audit   'color-name': [ '1.1.4' ],
16 silly audit   commander: [ '4.1.1', '2.20.3' ],
16 silly audit   'common-tags': [ '1.8.2' ],
16 silly audit   commondir: [ '1.0.1' ],
16 silly audit   'concat-map': [ '0.0.1' ],
16 silly audit   'convert-source-map': [ '2.0.0' ],
16 silly audit   cookie: [ '0.7.2' ],
16 silly audit   'core-js-compat': [ '3.49.0' ],
16 silly audit   'cross-spawn': [ '7.0.6' ],
16 silly audit   'shebang-command': [ '2.0.0' ],
16 silly audit   'shebang-regex': [ '3.0.0' ],
16 silly audit   which: [ '2.0.2' ],
16 silly audit   'crypto-random-string': [ '2.0.0' ],
16 silly audit   cssesc: [ '3.0.0' ],
16 silly audit   csstype: [ '3.2.3' ],
16 silly audit   'd3-array': [ '3.2.4' ],
16 silly audit   'd3-color': [ '3.1.0' ],
16 silly audit   'd3-ease': [ '3.0.1' ],
16 silly audit   'd3-format': [ '3.1.2' ],
16 silly audit   'd3-interpolate': [ '3.0.1' ],
16 silly audit   'd3-path': [ '3.1.0' ],
16 silly audit   'd3-scale': [ '4.0.2' ],
16 silly audit   'd3-shape': [ '3.2.0' ],
16 silly audit   'd3-time': [ '3.1.0' ],
16 silly audit   'd3-time-format': [ '4.1.0' ],
16 silly audit   'd3-timer': [ '3.0.1' ],
16 silly audit   'damerau-levenshtein': [ '1.0.8' ],
16 silly audit   'data-uri-to-buffer': [ '4.0.1' ],
16 silly audit   'data-view-buffer': [ '1.0.2' ],
16 silly audit   'data-view-byte-length': [ '1.0.2' ],
16 silly audit   'data-view-byte-offset': [ '1.0.1' ],
16 silly audit   'date-fns': [ '4.1.0' ],
16 silly audit   'date-fns-jalali': [ '4.1.0-0' ],
16 silly audit   debug: [ '4.4.3', '3.2.7' ],
16 silly audit   'decimal.js-light': [ '2.5.1' ],
16 silly audit   'deep-is': [ '0.1.4' ],
16 silly audit   deepmerge: [ '4.3.1' ],
16 silly audit   'define-data-property': [ '1.1.4' ],
16 silly audit   'define-properties': [ '1.2.1' ],
16 silly audit   del: [ '4.1.1' ],
16 silly audit   '@types/glob': [ '7.2.0' ],
16 silly audit   globby: [ '6.1.0', '11.1.0' ],
16 silly audit   pify: [ '2.3.0', '4.0.1' ],
16 silly audit   rimraf: [ '2.7.1' ],
16 silly audit   'detect-libc': [ '2.1.2' ],
16 silly audit   'detect-node-es': [ '1.1.0' ],
16 silly audit   didyoumean: [ '1.2.2' ],
16 silly audit   'dir-glob': [ '3.0.1' ],
16 silly audit   dlv: [ '1.1.3' ],
16 silly audit   doctrine: [ '2.1.0' ],
16 silly audit   'dom-helpers': [ '5.2.1' ],
16 silly audit   'dunder-proto': [ '1.0.1' ],
16 silly audit   'ecdsa-sig-formatter': [ '1.0.11' ],
16 silly audit   ejs: [ '3.1.10' ],
16 silly audit   'electron-to-chromium': [ '1.5.331' ],
16 silly audit   'emoji-regex': [ '9.2.2' ],
16 silly audit   'emojis-list': [ '3.0.0' ],
16 silly audit   'enhanced-resolve': [ '5.20.1' ],
16 silly audit   'es-abstract': [ '1.24.1' ],
16 silly audit   'reflect.getprototypeof': [ '1.0.10' ],
16 silly audit   'regexp.prototype.flags': [ '1.5.4' ],
16 silly audit   'safe-array-concat': [ '1.1.3' ],
16 silly audit   'safe-push-apply': [ '1.0.0' ],
16 silly audit   'safe-regex-test': [ '1.1.0' ],
16 silly audit   'set-function-name': [ '2.0.2' ],
16 silly audit   'set-proto': [ '1.0.0' ],
16 silly audit   'stop-iteration-iterator': [ '1.1.0' ],
16 silly audit   'string.prototype.trim': [ '1.2.10' ],
16 silly audit   'string.prototype.trimend': [ '1.0.9' ],
16 silly audit   'string.prototype.trimstart': [ '1.0.8' ],
16 silly audit   'typed-array-buffer': [ '1.0.3' ],
16 silly audit   'typed-array-byte-length': [ '1.0.3' ],
16 silly audit   'typed-array-byte-offset': [ '1.0.4' ],
16 silly audit   'typed-array-length': [ '1.0.7' ],
16 silly audit   'unbox-primitive': [ '1.1.0' ],
16 silly audit   'which-boxed-primitive': [ '1.1.1' ],
16 silly audit   'which-builtin-type': [ '1.2.1' ],
16 silly audit   'which-collection': [ '1.0.2' ],
16 silly audit   'which-typed-array': [ '1.1.20' ],
16 silly audit   'es-define-property': [ '1.0.1' ],
16 silly audit   'es-errors': [ '1.3.0' ],
16 silly audit   'es-iterator-helpers': [ '1.3.1' ],
16 silly audit   'es-module-lexer': [ '2.0.0' ],
16 silly audit   'es-object-atoms': [ '1.1.1' ],
16 silly audit   'es-set-tostringtag': [ '2.1.0' ],
16 silly audit   'es-shim-unscopables': [ '1.1.0' ],
16 silly audit   'es-to-primitive': [ '1.3.0' ],
16 silly audit   escalade: [ '3.2.0' ],
16 silly audit   'escape-string-regexp': [ '4.0.0' ],
16 silly audit   eslint: [ '9.39.4' ],
16 silly audit   'eslint-config-next': [ '15.5.14' ],
16 silly audit   '@eslint-community/eslint-utils': [ '4.9.1' ],
16 silly audit   '@eslint-community/regexpp': [ '4.12.2' ],
16 silly audit   '@next/eslint-plugin-next': [ '15.5.14' ],
16 silly audit   '@rushstack/eslint-patch': [ '1.16.1' ],
16 silly audit   '@typescript-eslint/eslint-plugin': [ '8.58.0' ],
16 silly audit   '@typescript-eslint/parser': [ '8.58.0' ],
16 silly audit   '@typescript-eslint/project-service': [ '8.58.0' ],
16 silly audit   '@typescript-eslint/scope-manager': [ '8.58.0' ],
16 silly audit   '@typescript-eslint/tsconfig-utils': [ '8.58.0' ],
16 silly audit   '@typescript-eslint/type-utils': [ '8.58.0' ],
16 silly audit   '@typescript-eslint/types': [ '8.58.0' ],
16 silly audit   '@typescript-eslint/typescript-estree': [ '8.58.0' ],
16 silly audit   '@typescript-eslint/utils': [ '8.58.0' ],
16 silly audit   '@typescript-eslint/visitor-keys': [ '8.58.0' ],
16 silly audit   'eslint-visitor-keys': [ '5.0.1', '3.4.3', '4.2.1' ],
16 silly audit   fdir: [ '6.5.0' ],
16 silly audit   ignore: [ '7.0.5', '5.3.2' ],
16 silly audit   minimatch: [ '10.2.5', '5.1.9', '3.1.5' ],
16 silly audit   picomatch: [ '4.0.4', '2.3.2' ],
16 silly audit   tinyglobby: [ '0.2.15' ],
16 silly audit   'ts-api-utils': [ '2.5.0' ],
16 silly audit   'eslint-import-resolver-node': [ '0.3.10' ],
16 silly audit   'supports-preserve-symlinks-flag': [ '1.0.0' ],
16 silly audit   'eslint-import-resolver-typescript': [ '3.10.1' ],
16 silly audit   '@emnapi/core': [ '1.9.2' ],
16 silly audit   '@emnapi/runtime': [ '1.9.2' ],
16 silly audit   '@emnapi/wasi-threads': [ '1.2.1' ],
16 silly audit   '@napi-rs/wasm-runtime': [ '0.2.12' ],
16 silly audit   '@nolyfill/is-core-module': [ '1.0.39' ],
16 silly audit   '@tybys/wasm-util': [ '0.10.1' ],
16 silly audit   '@unrs/resolver-binding-linux-arm64-gnu': [ '1.11.1' ],
16 silly audit   'stable-hash': [ '0.0.5' ],
16 silly audit   'unrs-resolver': [ '1.11.1' ],
16 silly audit   '@unrs/resolver-binding-android-arm-eabi': [ '1.11.1' ],
16 silly audit   '@unrs/resolver-binding-android-arm64': [ '1.11.1' ],
16 silly audit   '@unrs/resolver-binding-darwin-arm64': [ '1.11.1' ],
16 silly audit   '@unrs/resolver-binding-darwin-x64': [ '1.11.1' ],
16 silly audit   '@unrs/resolver-binding-freebsd-x64': [ '1.11.1' ],
16 silly audit   '@unrs/resolver-binding-linux-arm-gnueabihf': [ '1.11.1' ],
16 silly audit   '@unrs/resolver-binding-linux-arm-musleabihf': [ '1.11.1' ],
16 silly audit   '@unrs/resolver-binding-linux-arm64-musl': [ '1.11.1' ],
16 silly audit   '@unrs/resolver-binding-linux-ppc64-gnu': [ '1.11.1' ],
16 silly audit   '@unrs/resolver-binding-linux-riscv64-gnu': [ '1.11.1' ],
16 silly audit   '@unrs/resolver-binding-linux-riscv64-musl': [ '1.11.1' ],
16 silly audit   '@unrs/resolver-binding-linux-s390x-gnu': [ '1.11.1' ],
16 silly audit   '@unrs/resolver-binding-linux-x64-gnu': [ '1.11.1' ],
16 silly audit   '@unrs/resolver-binding-linux-x64-musl': [ '1.11.1' ],
16 silly audit   '@unrs/resolver-binding-wasm32-wasi': [ '1.11.1' ],
16 silly audit   '@unrs/resolver-binding-win32-arm64-msvc': [ '1.11.1' ],
16 silly audit   '@unrs/resolver-binding-win32-ia32-msvc': [ '1.11.1' ],
16 silly audit   '@unrs/resolver-binding-win32-x64-msvc': [ '1.11.1' ],
16 silly audit   'eslint-module-utils': [ '2.12.1' ],
16 silly audit   'eslint-plugin-import': [ '2.32.0' ],
16 silly audit   '@rtsao/scc': [ '1.1.0' ],
16 silly audit   '@types/json5': [ '0.0.29' ],
16 silly audit   json5: [ '1.0.2', '2.2.3' ],
16 silly audit   'strip-bom': [ '3.0.0' ],
16 silly audit   'tsconfig-paths': [ '3.15.0' ],
16 silly audit   'eslint-plugin-jsx-a11y': [ '6.10.2' ],
16 silly audit   'string.prototype.includes': [ '2.0.1' ],
16 silly audit   'eslint-plugin-react': [ '7.37.5' ],
16 silly audit   'eslint-plugin-react-hooks': [ '5.2.0' ],
16 silly audit   'prop-types': [ '15.8.1' ],
16 silly audit   'react-is': [ '16.13.1', '18.3.1' ],
16 silly audit   'side-channel': [ '1.1.0' ],
16 silly audit   'side-channel-list': [ '1.0.0' ],
16 silly audit   'side-channel-map': [ '1.0.1' ],
16 silly audit   'side-channel-weakmap': [ '1.0.2' ],
16 silly audit   'string.prototype.matchall': [ '4.0.12' ],
16 silly audit   'string.prototype.repeat': [ '1.0.0' ],
16 silly audit   'eslint-scope': [ '8.4.0', '5.1.1' ],
16 silly audit   '@eslint/config-array': [ '0.21.2' ],
16 silly audit   '@eslint/config-helpers': [ '0.4.2' ],
16 silly audit   '@eslint/core': [ '0.17.0' ],
16 silly audit   '@eslint/eslintrc': [ '3.3.5' ],
16 silly audit   '@eslint/js': [ '9.39.4' ],
16 silly audit   '@eslint/object-schema': [ '2.1.7' ],
16 silly audit   '@eslint/plugin-kit': [ '0.4.1' ],
16 silly audit   '@humanfs/core': [ '0.19.1' ],
16 silly audit   '@humanfs/node': [ '0.16.7' ],
16 silly audit   '@humanwhocodes/module-importer': [ '1.0.1' ],
16 silly audit   '@humanwhocodes/retry': [ '0.4.3' ],
16 silly audit   'strip-json-comments': [ '3.1.1' ],
16 silly audit   espree: [ '10.4.0' ],
16 silly audit   esquery: [ '1.7.0' ],
16 silly audit   esrecurse: [ '4.3.0' ],
16 silly audit   estraverse: [ '5.3.0', '4.3.0' ],
16 silly audit   'estree-walker': [ '1.0.1' ],
16 silly audit   esutils: [ '2.0.3' ],
16 silly audit   eventemitter3: [ '4.0.7' ],
16 silly audit   events: [ '3.3.0' ],
16 silly audit   'fast-deep-equal': [ '3.1.3' ],
16 silly audit   'fast-equals': [ '5.4.0' ],
16 silly audit   'fast-glob': [ '3.3.1', '3.3.3' ],
16 silly audit   'queue-microtask': [ '1.2.3' ],
16 silly audit   'run-parallel': [ '1.2.0' ],
16 silly audit   'fast-json-stable-stringify': [ '2.1.0' ],
16 silly audit   'fast-levenshtein': [ '2.0.6' ],
16 silly audit   'fast-uri': [ '3.1.0' ],
16 silly audit   fastq: [ '1.20.1' ],
16 silly audit   'fetch-blob': [ '3.2.0' ],
16 silly audit   'file-entry-cache': [ '8.0.0' ],
16 silly audit   filelist: [ '1.0.6' ],
16 silly audit   'fill-range': [ '7.1.1' ],
16 silly audit   'to-regex-range': [ '5.0.1' ],
16 silly audit   'find-cache-dir': [ '3.3.2' ],
16 silly audit   'find-up': [ '5.0.0', '4.1.0' ],
16 silly audit   'flat-cache': [ '4.0.1' ],
16 silly audit   flatted: [ '3.4.2' ],
16 silly audit   'for-each': [ '0.3.5' ],
16 silly audit   'formdata-polyfill': [ '4.0.10' ],
16 silly audit   'fraction.js': [ '5.3.4' ],
16 silly audit   'framer-motion': [ '11.18.2' ],
16 silly audit   'fs-extra': [ '9.1.0' ],
16 silly audit   'fs.realpath': [ '1.0.0' ],
16 silly audit   'function-bind': [ '1.1.2' ],
16 silly audit   'function.prototype.name': [ '1.1.8' ],
16 silly audit   'functions-have-names': [ '1.2.3' ],
16 silly audit   'generator-function': [ '2.0.1' ],
16 silly audit   gensync: [ '1.0.0-beta.2' ],
16 silly audit   'get-intrinsic': [ '1.3.0' ],
16 silly audit   'get-nonce': [ '1.0.1' ],
16 silly audit   'get-own-enumerable-property-symbols': [ '3.0.2' ],
16 silly audit   'get-proto': [ '1.0.1' ],
16 silly audit   'get-symbol-description': [ '1.1.0' ],
16 silly audit   'get-tsconfig': [ '4.13.7' ],
16 silly audit   'resolve-pkg-maps': [ '1.0.0' ],
16 silly audit   glob: [ '7.2.3' ],
16 silly audit   'glob-to-regexp': [ '0.4.1' ],
16 silly audit   globals: [ '14.0.0' ],
16 silly audit   globalthis: [ '1.0.4' ],
16 silly audit   slash: [ '3.0.0' ],
16 silly audit   gopd: [ '1.2.0' ],
16 silly audit   'graceful-fs': [ '4.2.11' ],
16 silly audit   'has-bigints': [ '1.1.0' ],
16 silly audit   'has-flag': [ '4.0.0' ],
16 silly audit   'has-property-descriptors': [ '1.0.2' ],
16 silly audit   'has-proto': [ '1.2.0' ],
16 silly audit   'has-symbols': [ '1.1.0' ],
16 silly audit   'has-tostringtag': [ '1.0.2' ],
16 silly audit   hasown: [ '2.0.2' ],
16 silly audit   http_ece: [ '1.2.0' ],
16 silly audit   'https-proxy-agent': [ '7.0.6' ],
16 silly audit   'iceberg-js': [ '0.8.1' ],
16 silly audit   idb: [ '7.1.1' ],
16 silly audit   'idb-keyval': [ '6.2.2' ],
16 silly audit   'import-fresh': [ '3.3.1' ],
16 silly audit   imurmurhash: [ '0.1.4' ],
16 silly audit   inflight: [ '1.0.6' ],
16 silly audit   wrappy: [ '1.0.2' ],
16 silly audit   inherits: [ '2.0.4' ],
16 silly audit   'internal-slot': [ '1.1.0' ],
16 silly audit   internmap: [ '2.0.3' ],
16 silly audit   'is-array-buffer': [ '3.0.5' ],
16 silly audit   'is-async-function': [ '2.1.1' ],
16 silly audit   'is-bigint': [ '1.1.0' ],
16 silly audit   'is-binary-path': [ '2.1.0' ],
16 silly audit   'is-boolean-object': [ '1.2.2' ],
16 silly audit   'is-bun-module': [ '2.0.0' ],
16 silly audit   'is-callable': [ '1.2.7' ],
16 silly audit   'is-core-module': [ '2.16.1' ],
16 silly audit   'is-data-view': [ '1.0.2' ],
16 silly audit   'is-date-object': [ '1.1.0' ],
16 silly audit   'is-extglob': [ '2.1.1' ],
16 silly audit   'is-finalizationregistry': [ '1.1.1' ],
16 silly audit   'is-generator-function': [ '1.1.2' ],
16 silly audit   'is-glob': [ '4.0.3' ],
16 silly audit   'is-map': [ '2.0.3' ],
16 silly audit   'is-module': [ '1.0.0' ],
16 silly audit   'is-negative-zero': [ '2.0.3' ],
16 silly audit   'is-number': [ '7.0.0' ],
16 silly audit   'is-number-object': [ '1.1.1' ],
16 silly audit   'is-obj': [ '1.0.1' ],
16 silly audit   'is-path-cwd': [ '2.2.0' ],
16 silly audit   'is-path-in-cwd': [ '2.1.0' ],
16 silly audit   'is-path-inside': [ '2.1.0' ],
16 silly audit   'is-regex': [ '1.2.1' ],
16 silly audit   'is-regexp': [ '1.0.0' ],
16 silly audit   'is-set': [ '2.0.3' ],
16 silly audit   'is-shared-array-buffer': [ '1.0.4' ],
16 silly audit   'is-stream': [ '2.0.1' ],
16 silly audit   'is-string': [ '1.1.1' ],
16 silly audit   'is-symbol': [ '1.1.1' ],
16 silly audit   'is-typed-array': [ '1.1.15' ],
16 silly audit   'is-weakmap': [ '2.0.2' ],
16 silly audit   'is-weakref': [ '1.1.1' ],
16 silly audit   'is-weakset': [ '2.0.4' ],
16 silly audit   isarray: [ '2.0.5' ],
16 silly audit   isexe: [ '2.0.0' ],
16 silly audit   'iterator.prototype': [ '1.1.5' ],
16 silly audit   jake: [ '10.9.4' ],
16 silly audit   'jest-worker': [ '27.5.1', '26.6.2' ],
16 silly audit   jiti: [ '1.21.7' ],
16 silly audit   'js-tokens': [ '4.0.0' ],
16 silly audit   'js-yaml': [ '4.1.1' ],
16 silly audit   jsesc: [ '3.1.0' ],
16 silly audit   'json-buffer': [ '3.0.1' ],
16 silly audit   'json-parse-even-better-errors': [ '2.3.1' ],
16 silly audit   'json-stable-stringify-without-jsonify': [ '1.0.1' ],
16 silly audit   jsonfile: [ '6.2.0' ],
16 silly audit   jsonpointer: [ '5.0.1' ],
16 silly audit   'jsx-ast-utils': [ '3.3.5' ],
16 silly audit   jwa: [ '2.0.1' ],
16 silly audit   jws: [ '4.0.1' ],
16 silly audit   keyv: [ '4.5.4' ],
16 silly audit   'language-subtag-registry': [ '0.3.23' ],
16 silly audit   'language-tags': [ '1.0.9' ],
16 silly audit   leven: [ '3.1.0' ],
16 silly audit   levn: [ '0.4.1' ],
16 silly audit   'prelude-ls': [ '1.2.1' ],
16 silly audit   'type-check': [ '0.4.0' ],
16 silly audit   lilconfig: [ '3.1.3' ],
16 silly audit   'lines-and-columns': [ '1.2.4' ],
16 silly audit   'loader-runner': [ '4.3.1' ],
16 silly audit   'loader-utils': [ '2.0.4' ],
16 silly audit   'locate-path': [ '6.0.0', '5.0.0' ],
16 silly audit   lodash: [ '4.18.1' ],
16 silly audit   'lodash.debounce': [ '4.0.8' ],
16 silly audit   'lodash.merge': [ '4.6.2' ],
16 silly audit   'lodash.sortby': [ '4.7.0' ],
16 silly audit   'loose-envify': [ '1.4.0' ],
16 silly audit   'lru-cache': [ '5.1.1' ],
16 silly audit   'lucide-react': [ '1.7.0' ],
16 silly audit   'magic-string': [ '0.25.9' ],
16 silly audit   'make-dir': [ '3.1.0' ],
16 silly audit   'math-intrinsics': [ '1.1.0' ],
16 silly audit   'merge-stream': [ '2.0.0' ],
16 silly audit   merge2: [ '1.4.1' ],
16 silly audit   micromatch: [ '4.0.8' ],
16 silly audit   'mime-db': [ '1.52.0' ],
16 silly audit   'mime-types': [ '2.1.35' ],
16 silly audit   'minimalistic-assert': [ '1.0.1' ],
16 silly audit   minimist: [ '1.2.8' ],
16 silly audit   minipass: [ '7.1.3' ],
16 silly audit   minizlib: [ '3.1.0' ],
16 silly audit   mkdirp: [ '3.0.1' ],
16 silly audit   'motion-dom': [ '11.18.1' ],
16 silly audit   'motion-utils': [ '11.18.1' ],
16 silly audit   ms: [ '2.1.3' ],
16 silly audit   mz: [ '2.7.0' ],
16 silly audit   nanoid: [ '3.3.11' ],
16 silly audit   'napi-postinstall': [ '0.3.4' ],
16 silly audit   'natural-compare': [ '1.4.0' ],
16 silly audit   'neo-async': [ '2.6.2' ],
16 silly audit   next: [ '15.5.14' ],
16 silly audit   'next-pwa': [ '5.6.0' ],
16 silly audit   '@apideck/better-ajv-errors': [ '0.3.7' ],
16 silly audit   '@babel/helper-annotate-as-pure': [ '7.27.3' ],
16 silly audit   '@babel/helper-create-class-features-plugin': [ '7.28.6' ],
16 silly audit   '@babel/helper-create-regexp-features-plugin': [ '7.28.5' ],
16 silly audit   '@babel/helper-member-expression-to-functions': [ '7.28.5' ],
16 silly audit   '@babel/helper-optimise-call-expression': [ '7.27.1' ],
16 silly audit   '@babel/helper-remap-async-to-generator': [ '7.27.1' ],
16 silly audit   '@babel/helper-replace-supers': [ '7.28.6' ],
16 silly audit   '@babel/helper-skip-transparent-expression-wrappers': [ '7.27.1' ],
16 silly audit   '@babel/helper-wrap-function': [ '7.28.6' ],
16 silly audit   '@babel/plugin-bugfix-firefox-class-in-computed-class-key': [ '7.28.5' ],
16 silly audit   '@babel/plugin-bugfix-safari-class-field-initializer-scope': [ '7.27.1' ],
16 silly audit   '@babel/plugin-bugfix-safari-id-destructuring-collision-in-function-expression': [ '7.27.1' ],
16 silly audit   '@babel/plugin-bugfix-v8-spread-parameters-in-optional-chaining': [ '7.27.1' ],
16 silly audit   '@babel/plugin-bugfix-v8-static-class-fields-redefine-readonly': [ '7.28.6' ],
16 silly audit   '@babel/plugin-proposal-private-property-in-object': [ '7.21.0-placeholder-for-preset-env.2' ],
16 silly audit   '@babel/plugin-syntax-import-assertions': [ '7.28.6' ],
16 silly audit   '@babel/plugin-syntax-import-attributes': [ '7.28.6' ],
16 silly audit   '@babel/plugin-syntax-unicode-sets-regex': [ '7.18.6' ],
16 silly audit   '@babel/plugin-transform-arrow-functions': [ '7.27.1' ],
16 silly audit   '@babel/plugin-transform-async-generator-functions': [ '7.29.0' ],
16 silly audit   '@babel/plugin-transform-async-to-generator': [ '7.28.6' ],
16 silly audit   '@babel/plugin-transform-block-scoped-functions': [ '7.27.1' ],
16 silly audit   '@babel/plugin-transform-block-scoping': [ '7.28.6' ],
16 silly audit   '@babel/plugin-transform-class-properties': [ '7.28.6' ],
16 silly audit   '@babel/plugin-transform-class-static-block': [ '7.28.6' ],
16 silly audit   '@babel/plugin-transform-classes': [ '7.28.6' ],
16 silly audit   '@babel/plugin-transform-computed-properties': [ '7.28.6' ],
16 silly audit   '@babel/plugin-transform-destructuring': [ '7.28.5' ],
16 silly audit   '@babel/plugin-transform-dotall-regex': [ '7.28.6' ],
16 silly audit   '@babel/plugin-transform-duplicate-keys': [ '7.27.1' ],
16 silly audit   '@babel/plugin-transform-duplicate-named-capturing-groups-regex': [ '7.29.0' ],
16 silly audit   '@babel/plugin-transform-dynamic-import': [ '7.27.1' ],
16 silly audit   '@babel/plugin-transform-explicit-resource-management': [ '7.28.6' ],
16 silly audit   '@babel/plugin-transform-exponentiation-operator': [ '7.28.6' ],
16 silly audit   '@babel/plugin-transform-export-namespace-from': [ '7.27.1' ],
16 silly audit   '@babel/plugin-transform-for-of': [ '7.27.1' ],
16 silly audit   '@babel/plugin-transform-function-name': [ '7.27.1' ],
16 silly audit   '@babel/plugin-transform-json-strings': [ '7.28.6' ],
16 silly audit   '@babel/plugin-transform-literals': [ '7.27.1' ],
16 silly audit   '@babel/plugin-transform-logical-assignment-operators': [ '7.28.6' ],
16 silly audit   '@babel/plugin-transform-member-expression-literals': [ '7.27.1' ],
16 silly audit   '@babel/plugin-transform-modules-amd': [ '7.27.1' ],
16 silly audit   '@babel/plugin-transform-modules-commonjs': [ '7.28.6' ],
16 silly audit   '@babel/plugin-transform-modules-systemjs': [ '7.29.0' ],
16 silly audit   '@babel/plugin-transform-modules-umd': [ '7.27.1' ],
16 silly audit   '@babel/plugin-transform-named-capturing-groups-regex': [ '7.29.0' ],
16 silly audit   '@babel/plugin-transform-new-target': [ '7.27.1' ],
16 silly audit   '@babel/plugin-transform-nullish-coalescing-operator': [ '7.28.6' ],
16 silly audit   '@babel/plugin-transform-numeric-separator': [ '7.28.6' ],
16 silly audit   '@babel/plugin-transform-object-rest-spread': [ '7.28.6' ],
16 silly audit   '@babel/plugin-transform-object-super': [ '7.27.1' ],
16 silly audit   '@babel/plugin-transform-optional-catch-binding': [ '7.28.6' ],
16 silly audit   '@babel/plugin-transform-optional-chaining': [ '7.28.6' ],
16 silly audit   '@babel/plugin-transform-parameters': [ '7.27.7' ],
16 silly audit   '@babel/plugin-transform-private-methods': [ '7.28.6' ],
16 silly audit   '@babel/plugin-transform-private-property-in-object': [ '7.28.6' ],
16 silly audit   '@babel/plugin-transform-property-literals': [ '7.27.1' ],
16 silly audit   '@babel/plugin-transform-regenerator': [ '7.29.0' ],
16 silly audit   '@babel/plugin-transform-regexp-modifiers': [ '7.28.6' ],
16 silly audit   '@babel/plugin-transform-reserved-words': [ '7.27.1' ],
16 silly audit   '@babel/plugin-transform-shorthand-properties': [ '7.27.1' ],
16 silly audit   '@babel/plugin-transform-spread': [ '7.28.6' ],
16 silly audit   '@babel/plugin-transform-sticky-regex': [ '7.27.1' ],
16 silly audit   '@babel/plugin-transform-template-literals': [ '7.27.1' ],
16 silly audit   '@babel/plugin-transform-typeof-symbol': [ '7.27.1' ],
16 silly audit   '@babel/plugin-transform-unicode-escapes': [ '7.27.1' ],
16 silly audit   '@babel/plugin-transform-unicode-property-regex': [ '7.28.6' ],
16 silly audit   '@babel/plugin-transform-unicode-regex': [ '7.27.1' ],
16 silly audit   '@babel/plugin-transform-unicode-sets-regex': [ '7.28.6' ],
16 silly audit   '@babel/preset-env': [ '7.29.2' ],
16 silly audit   '@babel/preset-modules': [ '0.1.6-no-external-plugins' ],
16 silly audit   '@jridgewell/source-map': [ '0.3.11' ],
16 silly audit   '@rollup/plugin-babel': [ '5.3.1' ],
16 silly audit   '@rollup/plugin-node-resolve': [ '11.2.1' ],
16 silly audit   '@rollup/plugin-replace': [ '2.4.2' ],
16 silly audit   '@rollup/pluginutils': [ '3.1.0' ],
16 silly audit   '@surma/rollup-plugin-off-main-thread': [ '2.2.3' ],
16 silly audit   '@types/resolve': [ '1.17.1' ],
16 silly audit   '@types/trusted-types': [ '2.0.7' ],
16 silly audit   'pretty-bytes': [ '5.6.0' ],
16 silly audit   randombytes: [ '2.1.0' ],
16 silly audit   regenerate: [ '1.4.2' ],
16 silly audit   'regenerate-unicode-properties': [ '10.2.2' ],
16 silly audit   'regexpu-core': [ '6.4.0' ],
16 silly audit   regjsgen: [ '0.8.0' ],
16 silly audit   regjsparser: [ '0.13.0' ],
16 silly audit   'require-from-string': [ '2.0.2' ],
16 silly audit   rollup: [ '2.80.0' ],
16 silly audit   'rollup-plugin-terser': [ '7.0.2' ],
16 silly audit   'safe-buffer': [ '5.2.1' ],
16 silly audit   'serialize-javascript': [ '4.0.0' ],
16 silly audit   'source-list-map': [ '2.0.1' ],
16 silly audit   'source-map': [ '0.6.1', '0.8.0-beta.0' ],
16 silly audit   'source-map-support': [ '0.5.21' ],
16 silly audit   'stringify-object': [ '3.3.0' ],
16 silly audit   'strip-comments': [ '2.0.1' ],
16 silly audit   'temp-dir': [ '2.0.0' ],
16 silly audit   tempy: [ '0.6.0' ],
16 silly audit   terser: [ '5.46.1' ],
16 silly audit   tr46: [ '1.0.1' ],
16 silly audit   'type-fest': [ '0.16.0' ],
16 silly audit   'unicode-canonical-property-names-ecmascript': [ '2.0.1' ],
16 silly audit   'unicode-match-property-ecmascript': [ '2.0.0' ],
16 silly audit   'unicode-match-property-value-ecmascript': [ '2.2.1' ],
16 silly audit   'unicode-property-aliases-ecmascript': [ '2.2.0' ],
16 silly audit   'unique-string': [ '2.0.0' ],
16 silly audit   upath: [ '1.2.0' ],
16 silly audit   'webidl-conversions': [ '4.0.2' ],
16 silly audit   'webpack-sources': [ '1.4.3', '3.3.4' ],
16 silly audit   'whatwg-url': [ '7.1.0' ],
16 silly audit   'workbox-background-sync': [ '6.6.0' ],
16 silly audit   'workbox-broadcast-update': [ '6.6.0' ],
16 silly audit   'workbox-build': [ '6.6.0' ],
16 silly audit   'workbox-cacheable-response': [ '6.6.0' ],
16 silly audit   'workbox-core': [ '6.6.0' ],
16 silly audit   'workbox-expiration': [ '6.6.0' ],
16 silly audit   'workbox-google-analytics': [ '6.6.0' ],
16 silly audit   'workbox-navigation-preload': [ '6.6.0' ],
16 silly audit   'workbox-precaching': [ '6.6.0' ],
16 silly audit   'workbox-range-requests': [ '6.6.0' ],
16 silly audit   'workbox-recipes': [ '6.6.0' ],
16 silly audit   'workbox-routing': [ '6.6.0' ],
16 silly audit   'workbox-strategies': [ '6.6.0' ],
16 silly audit   'workbox-streams': [ '6.6.0' ],
16 silly audit   'workbox-sw': [ '6.6.0' ],
16 silly audit   'workbox-webpack-plugin': [ '6.6.0' ],
16 silly audit   'workbox-window': [ '6.6.0' ],
16 silly audit   '@img/colour': [ '1.1.0' ],
16 silly audit   '@img/sharp-libvips-linux-arm64': [ '1.2.4' ],
16 silly audit   '@img/sharp-linux-arm64': [ '0.34.5' ],
16 silly audit   '@next/env': [ '15.5.14' ],
16 silly audit   '@next/swc-darwin-arm64': [ '15.5.14' ],
16 silly audit   '@next/swc-darwin-x64': [ '15.5.14' ],
16 silly audit   '@next/swc-linux-arm64-gnu': [ '15.5.14' ],
16 silly audit   '@next/swc-linux-arm64-musl': [ '15.5.14' ],
16 silly audit   '@next/swc-linux-x64-gnu': [ '15.5.14' ],
16 silly audit   '@next/swc-linux-x64-musl': [ '15.5.14' ],
16 silly audit   '@next/swc-win32-arm64-msvc': [ '15.5.14' ],
16 silly audit   '@next/swc-win32-x64-msvc': [ '15.5.14' ],
16 silly audit   '@swc/helpers': [ '0.5.15' ],
16 silly audit   postcss: [ '8.4.31', '8.5.8' ],
16 silly audit   sharp: [ '0.34.5' ],
16 silly audit   '@img/sharp-darwin-arm64': [ '0.34.5' ],
16 silly audit   '@img/sharp-darwin-x64': [ '0.34.5' ],
16 silly audit   '@img/sharp-libvips-darwin-arm64': [ '1.2.4' ],
16 silly audit   '@img/sharp-libvips-darwin-x64': [ '1.2.4' ],
16 silly audit   '@img/sharp-libvips-linux-arm': [ '1.2.4' ],
16 silly audit   '@img/sharp-libvips-linux-ppc64': [ '1.2.4' ],
16 silly audit   '@img/sharp-libvips-linux-riscv64': [ '1.2.4' ],
16 silly audit   '@img/sharp-libvips-linux-s390x': [ '1.2.4' ],
16 silly audit   '@img/sharp-libvips-linux-x64': [ '1.2.4' ],
16 silly audit   '@img/sharp-libvips-linuxmusl-arm64': [ '1.2.4' ],
16 silly audit   '@img/sharp-libvips-linuxmusl-x64': [ '1.2.4' ],
16 silly audit   '@img/sharp-linux-arm': [ '0.34.5' ],
16 silly audit   '@img/sharp-linux-ppc64': [ '0.34.5' ],
16 silly audit   '@img/sharp-linux-riscv64': [ '0.34.5' ],
16 silly audit   '@img/sharp-linux-s390x': [ '0.34.5' ],
16 silly audit   '@img/sharp-linux-x64': [ '0.34.5' ],
16 silly audit   '@img/sharp-linuxmusl-arm64': [ '0.34.5' ],
16 silly audit   '@img/sharp-linuxmusl-x64': [ '0.34.5' ],
16 silly audit   '@img/sharp-wasm32': [ '0.34.5' ],
16 silly audit   '@img/sharp-win32-arm64': [ '0.34.5' ],
16 silly audit   '@img/sharp-win32-ia32': [ '0.34.5' ],
16 silly audit   '@img/sharp-win32-x64': [ '0.34.5' ],
16 silly audit   'source-map-js': [ '1.2.1' ],
16 silly audit   'styled-jsx': [ '5.1.6' ],
16 silly audit   'node-domexception': [ '1.0.0' ],
16 silly audit   'node-exports-info': [ '1.6.0' ],
16 silly audit   'node-fetch': [ '3.3.2' ],
16 silly audit   'node-releases': [ '2.0.37' ],
16 silly audit   'normalize-path': [ '3.0.0' ],
16 silly audit   'npm-normalize-package-bin': [ '4.0.0' ],
16 silly audit   'object-assign': [ '4.1.1' ],
16 silly audit   'object-hash': [ '3.0.0' ],
16 silly audit   'object-inspect': [ '1.13.4' ],
16 silly audit   'object-keys': [ '1.1.1' ],
16 silly audit   'object.assign': [ '4.1.7' ],
16 silly audit   'object.entries': [ '1.1.9' ],
16 silly audit   'object.fromentries': [ '2.0.8' ],
16 silly audit   'object.groupby': [ '1.0.3' ],
16 silly audit   'object.values': [ '1.2.1' ],
16 silly audit   once: [ '1.4.0' ],
16 silly audit   optionator: [ '0.9.4' ],
16 silly audit   'word-wrap': [ '1.2.5' ],
16 silly audit   'own-keys': [ '1.0.1' ],
16 silly audit   'p-limit': [ '3.1.0', '2.3.0' ],
16 silly audit   'yocto-queue': [ '0.1.0' ],
16 silly audit   'p-locate': [ '5.0.0', '4.1.0' ],
16 silly audit   'p-map': [ '2.1.0' ],
16 silly audit   'p-try': [ '2.2.0' ],
16 silly audit   'parent-module': [ '1.0.1' ],
16 silly audit   'path-exists': [ '4.0.0' ],
16 silly audit   'path-is-absolute': [ '1.0.1' ],
16 silly audit   'path-is-inside': [ '1.0.2' ],
16 silly audit   'path-key': [ '3.1.1' ],
16 silly audit   'path-parse': [ '1.0.7' ],
16 silly audit   'path-type': [ '4.0.0' ],
16 silly audit   picocolors: [ '1.1.1' ],
16 silly audit   pinkie: [ '2.0.4' ],
16 silly audit   'pinkie-promise': [ '2.0.1' ],
16 silly audit   pirates: [ '4.0.7' ],
16 silly audit   'pkg-dir': [ '4.2.0' ],
16 silly audit   'possible-typed-array-names': [ '1.1.0' ],
16 silly audit   'postcss-import': [ '15.1.0' ],
16 silly audit   'postcss-js': [ '4.1.0' ],
16 silly audit   'postcss-load-config': [ '6.0.1' ],
16 silly audit   'postcss-nested': [ '6.2.0' ],
16 silly audit   'postcss-selector-parser': [ '6.1.2' ],
16 silly audit   'proc-log': [ '5.0.0' ],
16 silly audit   react: [ '19.2.4' ],
16 silly audit   'react-day-picker': [ '9.14.0' ],
16 silly audit   'react-dom': [ '19.2.4' ],
16 silly audit   'react-remove-scroll': [ '2.7.2' ],
16 silly audit   'react-remove-scroll-bar': [ '2.3.8' ],
16 silly audit   'react-smooth': [ '4.0.4' ],
16 silly audit   'react-transition-group': [ '4.4.5' ],
16 silly audit   'react-style-singleton': [ '2.2.3' ],
16 silly audit   'read-cache': [ '1.0.0' ],
16 silly audit   'read-cmd-shim': [ '5.0.0' ],
16 silly audit   readdirp: [ '3.6.0' ],
16 silly audit   recharts: [ '2.15.4' ],
16 silly audit   'recharts-scale': [ '0.4.5' ],
16 silly audit   'resolve-from': [ '4.0.0' ],
16 silly audit   reusify: [ '1.1.0' ],
16 silly audit   'safer-buffer': [ '2.1.2' ],
16 silly audit   scheduler: [ '0.27.0' ],
16 silly audit   'signal-exit': [ '4.1.0' ],
16 silly audit   'sourcemap-codec': [ '1.4.8' ],
16 silly audit   sucrase: [ '3.35.1' ],
16 silly audit   'ts-interface-checker': [ '0.1.13' ],
16 silly audit   supabase: [ '1.226.4' ],
16 silly audit   tailwindcss: [ '3.4.19' ],
16 silly audit   tapable: [ '2.3.2' ],
16 silly audit   tar: [ '7.4.3' ],
16 silly audit   '@isaacs/fs-minipass': [ '4.0.1' ],
16 silly audit   yallist: [ '5.0.0', '3.1.1' ],
16 silly audit   'terser-webpack-plugin': [ '5.4.0' ],
16 silly audit   thenify: [ '3.3.1' ],
16 silly audit   'thenify-all': [ '1.6.0' ],
16 silly audit   'tiny-invariant': [ '1.3.3' ],
16 silly audit   tslib: [ '2.8.1' ],
16 silly audit   typescript: [ '5.9.3' ],
16 silly audit   'undici-types': [ '6.21.0' ],
16 silly audit   universalify: [ '2.0.1' ],
16 silly audit   'use-callback-ref': [ '1.3.3' ],
16 silly audit   'use-sidecar': [ '1.1.3' ],
16 silly audit   'util-deprecate': [ '1.0.2' ],
16 silly audit   'victory-vendor': [ '36.9.2' ],
16 silly audit   '@types/d3-array': [ '3.2.2' ],
16 silly audit   '@types/d3-ease': [ '3.0.2' ],
16 silly audit   '@types/d3-interpolate': [ '3.0.4' ],
16 silly audit   '@types/d3-scale': [ '4.0.9' ],
16 silly audit   '@types/d3-shape': [ '3.1.8' ],
16 silly audit   '@types/d3-time': [ '3.0.4' ],
16 silly audit   '@types/d3-timer': [ '3.0.2' ],
16 silly audit   watchpack: [ '2.5.1' ],
16 silly audit   'web-push': [ '3.6.7' ],
16 silly audit   'web-streams-polyfill': [ '3.3.3' ],
16 silly audit   webpack: [ '5.105.4' ],
16 silly audit   'write-file-atomic': [ '6.0.0' ],
16 silly audit   zod: [ '3.25.76' ]
16 silly audit }
17 http fetch POST 200 https://registry.npmjs.org/-/npm/v1/security/advisories/bulk 242ms
18 silly audit report {
18 silly audit report   'serialize-javascript': [
18 silly audit report     {
18 silly audit report       id: 1113686,
18 silly audit report       url: 'https://github.com/advisories/GHSA-5c6j-r48x-rmvq',
18 silly audit report       title: 'Serialize JavaScript is Vulnerable to RCE via RegExp.flags and Date.prototype.toISOString()',
18 silly audit report       severity: 'high',
18 silly audit report       vulnerable_versions: '<=7.0.2',
18 silly audit report       cwe: [Array],
18 silly audit report       cvss: [Object]
18 silly audit report     },
18 silly audit report     {
18 silly audit report       id: 1115723,
18 silly audit report       url: 'https://github.com/advisories/GHSA-qj8w-gfj5-8c6v',
18 silly audit report       title: 'Serialize JavaScript has CPU Exhaustion Denial of Service via crafted array-like objects',
18 silly audit report       severity: 'moderate',
18 silly audit report       vulnerable_versions: '<7.0.5',
18 silly audit report       cwe: [Array],
18 silly audit report       cvss: [Object]
18 silly audit report     }
18 silly audit report   ],
18 silly audit report   tar: [
18 silly audit report     {
18 silly audit report       id: 1112659,
18 silly audit report       url: 'https://github.com/advisories/GHSA-34x7-hfp2-rc4v',
18 silly audit report       title: 'node-tar Vulnerable to Arbitrary File Creation/Overwrite via Hardlink Path Traversal',
18 silly audit report       severity: 'high',
18 silly audit report       vulnerable_versions: '<7.5.7',
18 silly audit report       cwe: [Array],
18 silly audit report       cvss: [Object]
18 silly audit report     },
18 silly audit report     {
18 silly audit report       id: 1113300,
18 silly audit report       url: 'https://github.com/advisories/GHSA-8qq5-rm4j-mr97',
18 silly audit report       title: 'node-tar is Vulnerable to Arbitrary File Overwrite and Symlink Poisoning via Insufficient Path Sanitization',
18 silly audit report       severity: 'high',
18 silly audit report       vulnerable_versions: '<=7.5.2',
18 silly audit report       cwe: [Array],
18 silly audit report       cvss: [Object]
18 silly audit report     },
18 silly audit report     {
18 silly audit report       id: 1113375,
18 silly audit report       url: 'https://github.com/advisories/GHSA-83g3-92jg-28cx',
18 silly audit report       title: 'Arbitrary File Read/Write via Hardlink Target Escape Through Symlink Chain in node-tar Extraction',
18 silly audit report       severity: 'high',
18 silly audit report       vulnerable_versions: '<7.5.8',
18 silly audit report       cwe: [Array],
18 silly audit report       cvss: [Object]
18 silly audit report     },
18 silly audit report     {
18 silly audit report       id: 1114200,
18 silly audit report       url: 'https://github.com/advisories/GHSA-qffp-2rhf-9h96',
18 silly audit report       title: 'tar has Hardlink Path Traversal via Drive-Relative Linkpath',
18 silly audit report       severity: 'high',
18 silly audit report       vulnerable_versions: '<=7.5.9',
18 silly audit report       cwe: [Array],
18 silly audit report       cvss: [Object]
18 silly audit report     },
18 silly audit report     {
18 silly audit report       id: 1114302,
18 silly audit report       url: 'https://github.com/advisories/GHSA-9ppj-qmqm-q256',
18 silly audit report       title: 'node-tar Symlink Path Traversal via Drive-Relative Linkpath',
18 silly audit report       severity: 'high',
18 silly audit report       vulnerable_versions: '<=7.5.10',
18 silly audit report       cwe: [Array],
18 silly audit report       cvss: [Object]
18 silly audit report     },
18 silly audit report     {
18 silly audit report       id: 1114680,
18 silly audit report       url: 'https://github.com/advisories/GHSA-r6q2-hw4h-h46w',
18 silly audit report       title: 'Race Condition in node-tar Path Reservations via Unicode Ligature Collisions on macOS APFS',
18 silly audit report       severity: 'high',
18 silly audit report       vulnerable_versions: '<=7.5.3',
18 silly audit report       cwe: [Array],
18 silly audit report       cvss: [Object]
18 silly audit report     }
18 silly audit report   ]
18 silly audit report }
19 silly packumentCache corgi:https://registry.npmjs.org/serialize-javascript cache-miss
20 silly packumentCache corgi:https://registry.npmjs.org/tar cache-miss
21 http fetch GET 200 https://registry.npmjs.org/serialize-javascript 50ms (cache miss)
22 silly packumentCache corgi:https://registry.npmjs.org/serialize-javascript set size:undefined disposed:false
23 http fetch GET 200 https://registry.npmjs.org/tar 276ms (cache miss)
24 silly packumentCache corgi:https://registry.npmjs.org/tar set size:undefined disposed:false
25 silly packumentCache corgi:https://registry.npmjs.org/rollup-plugin-terser cache-miss
26 http fetch GET 200 https://registry.npmjs.org/rollup-plugin-terser 43ms (cache miss)
27 silly packumentCache corgi:https://registry.npmjs.org/rollup-plugin-terser set size:undefined disposed:false
28 silly packumentCache corgi:https://registry.npmjs.org/supabase cache-miss
29 http fetch GET 200 https://registry.npmjs.org/supabase 189ms (cache miss)
30 silly packumentCache corgi:https://registry.npmjs.org/supabase set size:undefined disposed:false
31 silly packumentCache corgi:https://registry.npmjs.org/workbox-build cache-miss
32 http fetch GET 200 https://registry.npmjs.org/workbox-build 46ms (cache miss)
33 silly packumentCache corgi:https://registry.npmjs.org/workbox-build set size:undefined disposed:false
34 silly packumentCache corgi:https://registry.npmjs.org/workbox-webpack-plugin cache-miss
35 http fetch GET 200 https://registry.npmjs.org/workbox-webpack-plugin 242ms (cache miss)
36 silly packumentCache corgi:https://registry.npmjs.org/workbox-webpack-plugin set size:undefined disposed:false
37 silly packumentCache corgi:https://registry.npmjs.org/next-pwa cache-miss
38 http fetch GET 200 https://registry.npmjs.org/next-pwa 53ms (cache miss)
39 silly packumentCache corgi:https://registry.npmjs.org/next-pwa set size:undefined disposed:false
40 verbose cwd /Users/akulasaivineeth/Documents/Kinetic
41 verbose os Darwin 24.6.0
42 verbose node v24.14.1
43 verbose npm  v11.11.0
44 verbose exit 0
45 info ok
